2019-11-20 08:52:35.111  INFO 196520 --- [main] c.t.reminder.DailyReminderApplication    : Starting DailyReminderApplication v1.0 on binss with PID 196520 (C:\SpringWorkspace\daily-reminder\target\daily-reminder-1.0.jar started by 13959 in C:\SpringWorkspace\daily-reminder\target)
2019-11-20 08:52:35.115  INFO 196520 --- [main] c.t.reminder.DailyReminderApplication    : No active profile set, falling back to default profiles: default
2019-11-20 08:52:37.206  INFO 196520 --- [main] .s.d.r.c.RepositoryConfigurationDelegate : Bootstrapping Spring Data repositories in DEFAULT mode.
2019-11-20 08:52:37.410  INFO 196520 --- [main] .s.d.r.c.RepositoryConfigurationDelegate : Finished Spring Data repository scanning in 187ms. Found 7 repository interfaces.
2019-11-20 08:52:39.181  INFO 196520 --- [main] trationDelegate$BeanPostProcessorChecker : Bean 'org.springframework.transaction.annotation.ProxyTransactionManagementConfiguration' of type [org.springframework.transaction.annotation.ProxyTransactionManagementConfiguration$$EnhancerBySpringCGLIB$$13110bc6] is not eligible for getting processed by all BeanPostProcessors (for example: not eligible for auto-proxying)
2019-11-20 08:52:39.266  INFO 196520 --- [main] trationDelegate$BeanPostProcessorChecker : Bean 'org.springframework.security.config.annotation.configuration.ObjectPostProcessorConfiguration' of type [org.springframework.security.config.annotation.configuration.ObjectPostProcessorConfiguration$$EnhancerBySpringCGLIB$$abbed400] is not eligible for getting processed by all BeanPostProcessors (for example: not eligible for auto-proxying)
2019-11-20 08:52:39.278  INFO 196520 --- [main] trationDelegate$BeanPostProcessorChecker : Bean 'objectPostProcessor' of type [org.springframework.security.config.annotation.configuration.AutowireBeanFactoryObjectPostProcessor] is not eligible for getting processed by all BeanPostProcessors (for example: not eligible for auto-proxying)
2019-11-20 08:52:39.281  INFO 196520 --- [main] trationDelegate$BeanPostProcessorChecker : Bean 'org.springframework.security.access.expression.method.DefaultMethodSecurityExpressionHandler@27e0f2f5' of type [org.springframework.security.access.expression.method.DefaultMethodSecurityExpressionHandler] is not eligible for getting processed by all BeanPostProcessors (for example: not eligible for auto-proxying)
2019-11-20 08:52:39.287  INFO 196520 --- [main] trationDelegate$BeanPostProcessorChecker : Bean 'org.springframework.security.config.annotation.method.configuration.GlobalMethodSecurityConfiguration' of type [org.springframework.security.config.annotation.method.configuration.GlobalMethodSecurityConfiguration$$EnhancerBySpringCGLIB$$d09376b2] is not eligible for getting processed by all BeanPostProcessors (for example: not eligible for auto-proxying)
2019-11-20 08:52:39.298  INFO 196520 --- [main] trationDelegate$BeanPostProcessorChecker : Bean 'methodSecurityMetadataSource' of type [org.springframework.security.access.method.DelegatingMethodSecurityMetadataSource] is not eligible for getting processed by all BeanPostProcessors (for example: not eligible for auto-proxying)
2019-11-20 08:52:40.700  INFO 196520 --- [main] o.s.b.w.embedded.tomcat.TomcatWebServer  : Tomcat initialized with port(s): 9999 (http)
2019-11-20 08:52:40.784  INFO 196520 --- [main] o.apache.catalina.core.StandardService   : Starting service [Tomcat]
2019-11-20 08:52:40.787  INFO 196520 --- [main] org.apache.catalina.core.StandardEngine  : Starting Servlet engine: [Apache Tomcat/9.0.26]
2019-11-20 08:52:40.938  INFO 196520 --- [main] o.a.c.c.C.[Tomcat].[localhost].[/]       : Initializing Spring embedded WebApplicationContext
2019-11-20 08:52:40.941  INFO 196520 --- [main] o.s.web.context.ContextLoader            : Root WebApplicationContext: initialization completed in 5733 ms
2019-11-20 08:58:03.266  INFO 187012 --- [main] c.t.reminder.DailyReminderApplication    : Starting DailyReminderApplication v1.0 on binss with PID 187012 (C:\SpringWorkspace\daily-reminder\target\daily-reminder-1.0.jar started by 13959 in C:\SpringWorkspace\daily-reminder\target)
2019-11-20 08:58:03.274  INFO 187012 --- [main] c.t.reminder.DailyReminderApplication    : No active profile set, falling back to default profiles: default
2019-11-20 08:58:05.540  INFO 187012 --- [main] .s.d.r.c.RepositoryConfigurationDelegate : Bootstrapping Spring Data repositories in DEFAULT mode.
2019-11-20 08:58:05.750  INFO 187012 --- [main] .s.d.r.c.RepositoryConfigurationDelegate : Finished Spring Data repository scanning in 190ms. Found 7 repository interfaces.
2019-11-20 08:58:07.744  INFO 187012 --- [main] trationDelegate$BeanPostProcessorChecker : Bean 'org.springframework.transaction.annotation.ProxyTransactionManagementConfiguration' of type [org.springframework.transaction.annotation.ProxyTransactionManagementConfiguration$$EnhancerBySpringCGLIB$$d4910595] is not eligible for getting processed by all BeanPostProcessors (for example: not eligible for auto-proxying)
2019-11-20 08:58:07.888  INFO 187012 --- [main] trationDelegate$BeanPostProcessorChecker : Bean 'org.springframework.security.config.annotation.configuration.ObjectPostProcessorConfiguration' of type [org.springframework.security.config.annotation.configuration.ObjectPostProcessorConfiguration$$EnhancerBySpringCGLIB$$6d3ecdcf] is not eligible for getting processed by all BeanPostProcessors (for example: not eligible for auto-proxying)
2019-11-20 08:58:07.901  INFO 187012 --- [main] trationDelegate$BeanPostProcessorChecker : Bean 'objectPostProcessor' of type [org.springframework.security.config.annotation.configuration.AutowireBeanFactoryObjectPostProcessor] is not eligible for getting processed by all BeanPostProcessors (for example: not eligible for auto-proxying)
2019-11-20 08:58:07.907  INFO 187012 --- [main] trationDelegate$BeanPostProcessorChecker : Bean 'org.springframework.security.access.expression.method.DefaultMethodSecurityExpressionHandler@6928f576' of type [org.springframework.security.access.expression.method.DefaultMethodSecurityExpressionHandler] is not eligible for getting processed by all BeanPostProcessors (for example: not eligible for auto-proxying)
2019-11-20 08:58:07.909  INFO 187012 --- [main] trationDelegate$BeanPostProcessorChecker : Bean 'org.springframework.security.config.annotation.method.configuration.GlobalMethodSecurityConfiguration' of type [org.springframework.security.config.annotation.method.configuration.GlobalMethodSecurityConfiguration$$EnhancerBySpringCGLIB$$92137081] is not eligible for getting processed by all BeanPostProcessors (for example: not eligible for auto-proxying)
2019-11-20 08:58:07.925  INFO 187012 --- [main] trationDelegate$BeanPostProcessorChecker : Bean 'methodSecurityMetadataSource' of type [org.springframework.security.access.method.DelegatingMethodSecurityMetadataSource] is not eligible for getting processed by all BeanPostProcessors (for example: not eligible for auto-proxying)
2019-11-20 08:58:09.108  INFO 187012 --- [main] o.s.b.w.embedded.tomcat.TomcatWebServer  : Tomcat initialized with port(s): 9999 (http)
2019-11-20 08:58:09.161  INFO 187012 --- [main] o.apache.catalina.core.StandardService   : Starting service [Tomcat]
2019-11-20 08:58:09.164  INFO 187012 --- [main] org.apache.catalina.core.StandardEngine  : Starting Servlet engine: [Apache Tomcat/9.0.26]
2019-11-20 08:58:09.322  INFO 187012 --- [main] o.a.c.c.C.[Tomcat].[localhost].[/]       : Initializing Spring embedded WebApplicationContext
2019-11-20 08:58:09.324  INFO 187012 --- [main] o.s.web.context.ContextLoader            : Root WebApplicationContext: initialization completed in 5907 ms
2019-11-20 08:58:11.285  INFO 187012 --- [main] o.hibernate.jpa.internal.util.LogHelper  : HHH000204: Processing PersistenceUnitInfo [
	name: reminderPersistanceUnit
	...]
2019-11-20 08:58:11.442  INFO 187012 --- [main] org.hibernate.Version                    : HHH000412: Hibernate Core {5.3.12.Final}
2019-11-20 08:58:11.449  INFO 187012 --- [main] org.hibernate.cfg.Environment            : HHH000205: Loaded properties from resource hibernate.properties: {hibernate.dialect.storage_engine=innodb, hibernate.bytecode.use_reflection_optimizer=false}
2019-11-20 08:58:11.816  INFO 187012 --- [main] o.hibernate.annotations.common.Version   : HCANN000001: Hibernate Commons Annotations {5.0.4.Final}
2019-11-20 08:58:12.340  INFO 187012 --- [main] com.alibaba.druid.pool.DruidDataSource   : {dataSource-1} inited
2019-11-20 08:58:13.005  INFO 187012 --- [main] org.hibernate.dialect.Dialect            : HHH000400: Using dialect: org.hibernate.dialect.MySQL5Dialect
2019-11-20 08:58:14.434  INFO 187012 --- [main] j.LocalContainerEntityManagerFactoryBean : Initialized JPA EntityManagerFactory for persistence unit 'reminderPersistanceUnit'
2019-11-20 08:58:15.175  INFO 187012 --- [main] o.h.h.i.QueryTranslatorFactoryInitiator  : HHH000397: Using ASTQueryTranslatorFactory
2019-11-20 08:58:16.407  INFO 187012 --- [main] org.quartz.impl.StdSchedulerFactory      : Using default implementation for ThreadExecutor
2019-11-20 08:58:16.442  INFO 187012 --- [main] org.quartz.core.SchedulerSignalerImpl    : Initialized Scheduler Signaller of type: class org.quartz.core.SchedulerSignalerImpl
2019-11-20 08:58:16.444  INFO 187012 --- [main] org.quartz.core.QuartzScheduler          : Quartz Scheduler v.2.3.1 created.
2019-11-20 08:58:16.473  INFO 187012 --- [main] com.alibaba.druid.pool.DruidDataSource   : {dataSource-2} inited
2019-11-20 08:58:16.539  INFO 187012 --- [main] o.s.s.quartz.LocalDataSourceJobStore     : Using db table-based data access locking (synchronization).
2019-11-20 08:58:16.551  INFO 187012 --- [main] o.s.s.quartz.LocalDataSourceJobStore     : JobStoreCMT initialized.
2019-11-20 08:58:16.555  INFO 187012 --- [main] org.quartz.core.QuartzScheduler          : Scheduler meta-data: Quartz Scheduler (v2.3.1) 'wrScheduler' with instanceId 'auto'
  Scheduler class: 'org.quartz.core.QuartzScheduler' - running locally.
  NOT STARTED.
  Currently in standby mode.
  Number of jobs executed: 0
  Using thread pool 'org.quartz.simpl.SimpleThreadPool' - with 20 threads.
  Using job-store 'org.springframework.scheduling.quartz.LocalDataSourceJobStore' - which supports persistence. and is clustered.

2019-11-20 08:58:16.556  INFO 187012 --- [main] org.quartz.impl.StdSchedulerFactory      : Quartz scheduler 'wrScheduler' initialized from an externally provided properties instance.
2019-11-20 08:58:16.560  INFO 187012 --- [main] org.quartz.impl.StdSchedulerFactory      : Quartz scheduler version: 2.3.1
2019-11-20 08:58:16.572  INFO 187012 --- [main] org.quartz.core.QuartzScheduler          : JobFactory set to: org.springframework.scheduling.quartz.AdaptableJobFactory@1320e68a
2019-11-20 08:58:16.740  INFO 187012 --- [main] org.quartz.impl.StdSchedulerFactory      : Using default implementation for ThreadExecutor
2019-11-20 08:58:16.744  INFO 187012 --- [main] org.quartz.simpl.SimpleThreadPool        : Job execution threads will use class loader of thread: main
2019-11-20 08:58:16.746  INFO 187012 --- [main] org.quartz.core.SchedulerSignalerImpl    : Initialized Scheduler Signaller of type: class org.quartz.core.SchedulerSignalerImpl
2019-11-20 08:58:16.751  INFO 187012 --- [main] org.quartz.core.QuartzScheduler          : Quartz Scheduler v.2.3.1 created.
2019-11-20 08:58:16.755  INFO 187012 --- [main] org.quartz.simpl.RAMJobStore             : RAMJobStore initialized.
2019-11-20 08:58:16.766  INFO 187012 --- [main] org.quartz.core.QuartzScheduler          : Scheduler meta-data: Quartz Scheduler (v2.3.1) 'DefaultQuartzScheduler' with instanceId 'NON_CLUSTERED'
  Scheduler class: 'org.quartz.core.QuartzScheduler' - running locally.
  NOT STARTED.
  Currently in standby mode.
  Number of jobs executed: 0
  Using thread pool 'org.quartz.simpl.SimpleThreadPool' - with 10 threads.
  Using job-store 'org.quartz.simpl.RAMJobStore' - which does not support persistence. and is not clustered.

2019-11-20 08:58:16.768  INFO 187012 --- [main] org.quartz.impl.StdSchedulerFactory      : Quartz scheduler 'DefaultQuartzScheduler' initialized from default resource file in Quartz package: 'quartz.properties'
2019-11-20 08:58:16.773  INFO 187012 --- [main] org.quartz.impl.StdSchedulerFactory      : Quartz scheduler version: 2.3.1
2019-11-20 08:58:17.085  INFO 187012 --- [main] o.s.s.web.DefaultSecurityFilterChain     : Creating filter chain: Ant [pattern='/css/**'], []
2019-11-20 08:58:17.125  INFO 187012 --- [main] o.s.s.web.DefaultSecurityFilterChain     : Creating filter chain: Ant [pattern='/images/**'], []
2019-11-20 08:58:17.130  INFO 187012 --- [main] o.s.s.web.DefaultSecurityFilterChain     : Creating filter chain: Ant [pattern='/js/**'], []
2019-11-20 08:58:17.132  INFO 187012 --- [main] o.s.s.web.DefaultSecurityFilterChain     : Creating filter chain: Ant [pattern='/font/**'], []
2019-11-20 08:58:17.133  INFO 187012 --- [main] o.s.s.web.DefaultSecurityFilterChain     : Creating filter chain: Ant [pattern='/register'], []
2019-11-20 08:58:17.134  INFO 187012 --- [main] o.s.s.web.DefaultSecurityFilterChain     : Creating filter chain: Ant [pattern='/plugins/**'], []
2019-11-20 08:58:17.137  INFO 187012 --- [main] o.s.s.web.DefaultSecurityFilterChain     : Creating filter chain: Ant [pattern='/bootstrap-3.3.7/**'], []
2019-11-20 08:58:17.149  INFO 187012 --- [main] o.s.s.web.DefaultSecurityFilterChain     : Creating filter chain: Ant [pattern='/react-0.14.3/**'], []
2019-11-20 08:58:17.187  INFO 187012 --- [main] o.s.s.web.DefaultSecurityFilterChain     : Creating filter chain: Ant [pattern='/send-email-vcode'], []
2019-11-20 08:58:17.198  INFO 187012 --- [main] o.s.s.web.DefaultSecurityFilterChain     : Creating filter chain: Ant [pattern='/verify-username'], []
2019-11-20 08:58:17.200  INFO 187012 --- [main] o.s.s.web.DefaultSecurityFilterChain     : Creating filter chain: Ant [pattern='/verify-email'], []
2019-11-20 08:58:17.202  INFO 187012 --- [main] o.s.s.web.DefaultSecurityFilterChain     : Creating filter chain: Ant [pattern='/home'], []
2019-11-20 08:58:17.266  INFO 187012 --- [main] o.s.s.web.DefaultSecurityFilterChain     : Creating filter chain: any request, [org.springframework.security.web.context.request.async.WebAsyncManagerIntegrationFilter@5e5ddfbc, org.springframework.security.web.context.SecurityContextPersistenceFilter@646427f7, org.springframework.security.web.header.HeaderWriterFilter@2f95653f, org.springframework.security.web.csrf.CsrfFilter@118acf70, org.springframework.security.web.authentication.logout.LogoutFilter@4001d8c1, org.springframework.security.web.authentication.UsernamePasswordAuthenticationFilter@6aa5974e, org.springframework.security.web.savedrequest.RequestCacheAwareFilter@380ce5a3, org.springframework.security.web.servletapi.SecurityContextHolderAwareRequestFilter@423ed3b5, org.springframework.security.web.authentication.AnonymousAuthenticationFilter@5bda157e, org.springframework.security.web.session.SessionManagementFilter@3dc68586, org.springframework.security.web.access.ExceptionTranslationFilter@62c3f556, org.springframework.security.web.access.intercept.FilterSecurityInterceptor@486e9d1d]
2019-11-20 08:58:17.295  INFO 187012 --- [main] o.s.s.concurrent.ThreadPoolTaskExecutor  : Initializing ExecutorService 'asyncTaskExecutor'
2019-11-20 08:58:17.825  INFO 187012 --- [main] o.s.b.a.w.s.WelcomePageHandlerMapping    : Adding welcome page template: index
2019-11-20 08:58:19.082  INFO 187012 --- [main] o.s.s.c.ThreadPoolTaskScheduler          : Initializing ExecutorService 'taskScheduler'
2019-11-20 08:58:19.171  INFO 187012 --- [main] o.s.b.a.e.web.EndpointLinksResolver      : Exposing 17 endpoint(s) beneath base path '/actuator'
2019-11-20 08:58:19.376  INFO 187012 --- [main] o.s.s.quartz.SchedulerFactoryBean        : Will start Quartz Scheduler [wrScheduler] in 1 seconds
2019-11-20 08:58:19.524  INFO 187012 --- [main] o.s.b.w.embedded.tomcat.TomcatWebServer  : Tomcat started on port(s): 9999 (http) with context path ''
2019-11-20 08:58:19.534  INFO 187012 --- [main] c.t.reminder.DailyReminderApplication    : Started DailyReminderApplication in 17.531 seconds (JVM running for 18.354)
2019-11-20 08:58:19.763  INFO 187012 --- [http-nio-9999-exec-1] o.a.c.c.C.[Tomcat].[localhost].[/]       : Initializing Spring DispatcherServlet 'dispatcherServlet'
2019-11-20 08:58:19.766  INFO 187012 --- [http-nio-9999-exec-1] o.s.web.servlet.DispatcherServlet        : Initializing Servlet 'dispatcherServlet'
2019-11-20 08:58:19.820  INFO 187012 --- [http-nio-9999-exec-1] o.s.web.servlet.DispatcherServlet        : Completed initialization in 50 ms
2019-11-20 08:58:20.437  INFO 187012 --- [Quartz Scheduler [wrScheduler]] o.s.s.quartz.SchedulerFactoryBean        : Starting Quartz Scheduler now, after delay of 1 seconds
2019-11-20 08:58:20.574  INFO 187012 --- [Quartz Scheduler [wrScheduler]] o.s.s.quartz.LocalDataSourceJobStore     : ClusterManager: detected 1 failed or restarted instances.
2019-11-20 08:58:20.621  INFO 187012 --- [Quartz Scheduler [wrScheduler]] o.s.s.quartz.LocalDataSourceJobStore     : ClusterManager: Scanning for instance "auto"'s failed in-progress jobs.
2019-11-20 08:58:20.667  INFO 187012 --- [Quartz Scheduler [wrScheduler]] org.quartz.core.QuartzScheduler          : Scheduler wrScheduler_$_auto started.
2019-11-20 08:58:20.739  WARN 187012 --- [http-nio-9999-exec-1] o.a.c.util.SessionIdGeneratorBase        : Creation of SecureRandom instance for session ID generation using [SHA1PRNG] took [814] milliseconds.
2019-11-20 08:58:44.607  WARN 187012 --- [http-nio-9999-exec-3] org.apache.catalina.connector.Request    : Creating the temporary upload location [C:\Users\13959\AppData\Local\Temp\tomcat.879173924479345315.9999\work\Tomcat\localhost\ROOT\reminder\files] as it is required by the servlet [dispatcherServlet]
2019-11-20 08:58:45.294 ERROR 187012 --- [http-nio-9999-exec-3] c.t.reminder.schudler.ReminderScheduler  : Couldn't store job: Unable to serialize JobDataMap for insertion into database because the value of property 'task' is not serializable: cn.tblack.reminder.job.ReminderTask
2019-11-20 08:58:51.484  INFO 187012 --- [http-nio-9999-exec-8] c.t.reminder.schudler.ReminderScheduler  : Kill reminder job: Black.34
2019-11-20 08:58:51.524  INFO 187012 --- [http-nio-9999-exec-8] c.t.r.controller.ReminderController      : 用户 [ Black]删除了一个提醒对象 34
